<?xml version="1.0" encoding="UTF-8"?>
<testng-results ignored="0" total="1" passed="1" failed="0" skipped="0">
  <reporter-output>
  </reporter-output>
  <suite started-at="2022-02-01T12:21:25 IST" name="Suite" finished-at="2022-02-01T12:21:41 IST" duration-ms="16088">
    <groups>
    </groups>
    <test started-at="2022-02-01T12:21:25 IST" name="Test" finished-at="2022-02-01T12:21:41 IST" duration-ms="16088">
      <class name="com.TestRunner.formfiling">
        <test-method signature="form(java.lang.reflect.Method)[pri:0, instance:com.TestRunner.formfiling@4034c28c]" started-at="2022-02-01T12:21:25 IST" name="form" finished-at="2022-02-01T12:21:41 IST" duration-ms="16023" status="PASS">
          <params>
            <param index="0">
              <value>
                <![CDATA[public void com.TestRunner.formfiling.form(java.lang.reflect.Method) throws java.io.IOException,java.lang.InterruptedException]]>
              </value>
            </param>
          </params>
          <reporter-output>
          </reporter-output>
        </test-method> <!-- form -->
      </class> <!-- com.TestRunner.formfiling -->
    </test> <!-- Test -->
  </suite> <!-- Suite -->
</testng-results>
